Arguments: 
  /usr/local/bin/node /usr/share/yarn/bin/yarn.js build

PATH: 
  /home/katrin/bin:/usr/local/sbin:/usr/local/bin:/usr/sbin:/usr/bin:/sbin:/bin:/usr/games:/usr/local/games:/snap/bin:/usr/lib/jvm/java-8-oracle/bin:/usr/lib/jvm/java-8-oracle/db/bin:/usr/lib/jvm/java-8-oracle/jre/bin

Yarn version: 
  1.3.2

Node version: 
  8.1.0

Platform: 
  linux x64

npm manifest: 
  {
    "name": "Forecast",
    "version": "0.1.0",
    "private": true,
    "author": "Kateryna Parfenova",
    "homepage" : "http://weather-react-redux.github.io"
    "dependencies": {
      "prop-types": "^15.6.0",
      "react": "^16.1.1",
      "react-dom": "^16.1.1",
      "react-redux": "^5.0.6",
      "react-scripts": "^1.0.17",
      "react-timestamp": "^4.3.0",
      "redux": "^3.7.2",
      "redux-thunk": "^2.1.0"
    },
    "scripts": {
      "start": "react-scripts start",
      "build": "react-scripts build",
      "test": "react-scripts test --env=jsdom",
      "eject": "react-scripts eject"
    },
    "devDependencies": {
      "babel-eslint": "^8.0.2",
      "babel-loader": "^7.1.2",
      "eslint": "^4.11.0",
      "eslint-config-airbnb": "^16.1.0",
      "eslint-loader": "^1.9.0",
      "eslint-plugin-import": "^2.8.0",
      "eslint-plugin-jsx-a11y": "^6.0.2",
      "eslint-plugin-react": "^7.5.1"
    }
  }

yarn manifest: 
  No manifest

Lockfile: 
  No lockfile

Trace: 
  SyntaxError: /var/www/weather/weather-react-redux/package.json: Unexpected string in JSON at position 155
      at JSON.parse (<anonymous>)
      at /usr/share/yarn/lib/cli.js:770:59
      at Generator.next (<anonymous>)
      at step (/usr/share/yarn/lib/cli.js:92:30)
      at /usr/share/yarn/lib/cli.js:103:13
      at <anonymous>
